New log file opened at Wed Aug 12 14:30:21 COT 2015 by 3416@ECOS5402-28
Sending msg to client activator-ee64afed-fa34-4a01-86e7-e41d203dcf59: DetachedLogEvent(LogMessage(debug,sbt server socket logs are in: C:\Users\template\documents\play-java-intro\.sbtserver\connections\master.log))
Sending msg to client activator-ee64afed-fa34-4a01-86e7-e41d203dcf59: DetachedLogEvent(LogMessage(debug,sbt general server logs are in: C:\Users\template\documents\play-java-intro\.sbtserver\master.log))
Sending msg to client activator-ee64afed-fa34-4a01-86e7-e41d203dcf59: DetachedLogEvent(LogMessage(debug,sbt client logs are in: C:\Users\template\documents\play-java-intro\.sbtserver\connections\activator-ee64afed-fa34-4a01-86e7-e41d203dcf59.log))
Reading next message from client.
Got request: ListenToEvents()
Reading next message from client.
Got request: ExecutionRequest(compile)
Reading next message from client.
Got request: ListenToBuildChange()
Reading next message from client.
Got request: SendSyntheticBuildChanged()
Reading next message from client.
Got request: KeyLookupRequest(discoveredMainClasses)
Reading next message from client.
Got request: KeyLookupRequest(mainClass)
Reading next message from client.
Sending msg to client activator-ee64afed-fa34-4a01-86e7-e41d203dcf59: DetachedLogEvent(LogMessage(debug,> --initialize))
Sending msg to client activator-ee64afed-fa34-4a01-86e7-e41d203dcf59: DetachedLogEvent(LogMessage(debug,> initialize))
Sending msg to client activator-ee64afed-fa34-4a01-86e7-e41d203dcf59: DetachedLogEvent(LogMessage(debug,> onFailure load-failed))
Sending msg to client activator-ee64afed-fa34-4a01-86e7-e41d203dcf59: DetachedLogEvent(LogMessage(debug,> boot))
Sending msg to client activator-ee64afed-fa34-4a01-86e7-e41d203dcf59: DetachedLogEvent(LogMessage(debug,> reload))
Sending msg to client activator-ee64afed-fa34-4a01-86e7-e41d203dcf59: (4,ReceivedResponse())
Sending msg to client activator-ee64afed-fa34-4a01-86e7-e41d203dcf59: DetachedLogEvent(LogMessage(debug,[Loading] Scanning directory C:\Users\template\Documents\play-java-intro\project))
Sending msg to client activator-ee64afed-fa34-4a01-86e7-e41d203dcf59: DetachedLogEvent(LogTrace(ClassNotFoundException,$a276f39ec216ba79e028$))
Sending msg to client activator-ee64afed-fa34-4a01-86e7-e41d203dcf59: DetachedLogEvent(LogMessage(error,java.lang.ClassNotFoundException: $a276f39ec216ba79e028$))
Sending msg to client activator-ee64afed-fa34-4a01-86e7-e41d203dcf59: DetachedLogEvent(LogMessage(error,Use 'last' for the full log.))
Sending msg to client activator-ee64afed-fa34-4a01-86e7-e41d203dcf59: DetachedLogEvent(LogMessage(debug,> load-failed))
Sending msg to client activator-ee64afed-fa34-4a01-86e7-e41d203dcf59: DetachedLogEvent(LogMessage(error,Failed to load project.))
Sending msg to client activator-ee64afed-fa34-4a01-86e7-e41d203dcf59: BuildFailedToLoad()
Sending msg to client activator-ee64afed-fa34-4a01-86e7-e41d203dcf59: DetachedLogEvent(LogMessage(debug,> server-wait-for-reboot))
