New log file opened at Wed Aug 12 14:30:19 COT 2015 by 3416@ECOS5402-28
jvm 3416@ECOS5402-28
jvm vmName=Java HotSpot(TM) 64-Bit Server VM vmVendor=Oracle Corporation vmVersion=25.51-b03
jvm specName=Java Virtual Machine Specification specVendor=Oracle Corporation specVersion=1.8
jvm arguments: [-Xms256m, -Xmx1024m, -XX:MetaspaceSize=64m, -XX:MaxMetaspaceSize=256m]
Starting event engine
Starting sbt command engine
Waiting for sbt command engine
Command engine arguments=List()
Command engine baseDirectory=C:\Users\template\documents\play-java-intro
Command engine initial remaining commands List(--initialize, onFailure load-failed, boot, server-send-ready-for-request, server-handle-next-server-request)
> --initialize
> initialize
> onFailure load-failed
> boot
> reload
[Loading] Scanning directory C:\Users\template\Documents\play-java-intro\project
$a276f39ec216ba79e028$
java.lang.ClassNotFoundException: $a276f39ec216ba79e028$
Use 'last' for the full log.
> load-failed
Failed to load project.
> server-wait-for-reboot
